#
# An unexpected error has been detected by Java Runtime Environment:
#
#  Internal Error (classFileParser.cpp:2923), pid=4156, tid=1692
#  Error: ShouldNotReachHere()
#
# Java VM: Java HotSpot(TM) Client VM (11.0-b15 mixed mode windows-x86)
# If you would like to submit a bug report, please visit:
#   http://java.sun.com/webapps/bugreport/crash.jsp
#

---------------  T H R E A D  ---------------

Current thread (0x01c09000):  JavaThread "Unknown thread" [_thread_in_vm, id=1692, stack(0x00170000,0x001c0000)]

Stack: [0x00170000,0x001c0000]
[error occurred during error reporting (printing stack bounds), id 0xc0000005]


---------------  P R O C E S S  ---------------

Java Threads: ( => current thread )

Other Threads:

=>0x01c09000 (exited) JavaThread "Unknown thread" [_thread_in_vm, id=1692, stack(0x00170000,0x001c0000)]

VM state:not at safepoint (not fully initialized)

VM Mutex/Monitor currently owned by a thread: None

Dynamic libraries:
0x00400000 - 0x00424000 	C:\Program Files\Java\jre6\bin\javaw.exe
0x77ac0000 - 0x77bfc000 	C:\Windows\SYSTEM32\ntdll.dll
0x76510000 - 0x765e4000 	C:\Windows\system32\kernel32.dll
0x75d50000 - 0x75d9a000 	C:\Windows\system32\KERNELBASE.dll
0x77a20000 - 0x77ac0000 	C:\Windows\system32\ADVAPI32.dll
0x769d0000 - 0x76a7c000 	C:\Windows\system32\msvcrt.dll
0x76310000 - 0x76329000 	C:\Windows\SYSTEM32\sechost.dll
0x76330000 - 0x763d1000 	C:\Windows\system32\RPCRT4.dll
0x76a80000 - 0x76b49000 	C:\Windows\system32\USER32.dll
0x76680000 - 0x766ce000 	C:\Windows\system32\GDI32.dll
0x77c50000 - 0x77c5a000 	C:\Windows\system32\LPK.dll
0x76930000 - 0x769cd000 	C:\Windows\system32\USP10.dll
0x763e0000 - 0x763ff000 	C:\Windows\system32\IMM32.DLL
0x75f10000 - 0x75fdc000 	C:\Windows\system32\MSCTF.dll
0x7c340000 - 0x7c396000 	C:\Program Files\Java\jre6\bin\msvcr71.dll
0x6d800000 - 0x6da56000 	C:\Program Files\Java\jre6\bin\client\jvm.dll
0x72710000 - 0x72742000 	C:\Windows\system32\WINMM.dll
0x75b10000 - 0x75b5b000 	C:\Windows\system32\apphelp.dll
0x6d280000 - 0x6d288000 	C:\Program Files\Java\jre6\bin\hpi.dll
0x77c30000 - 0x77c35000 	C:\Windows\system32\PSAPI.DLL
0x6d7b0000 - 0x6d7bc000 	C:\Program Files\Java\jre6\bin\verify.dll
0x6d320000 - 0x6d33f000 	C:\Program Files\Java\jre6\bin\java.dll
0x6d7f0000 - 0x6d7ff000 	C:\Program Files\Java\jre6\bin\zip.dll

VM Arguments:
jvm_args: -Dfile.encoding=GBK -Xbootclasspath:F:\soft\adt-bundle-windows-x86-20140321\adt-bundle-windows-x86-20140321\sdk\platforms\android-16\android.jar 
java_command: com.xino.zyt.wifidemo.util.ProducePWD
Launcher Type: SUN_STANDARD

Environment Variables:
JAVA_HOME=C:\Program Files\Java\jdk1.6.0_10
PATH=C:/Program Files/Java/jre6/bin/client;C:/Program Files/Java/jre6/bin;C:/Program Files/Java/jre6/lib/i386;C:\Windows\system32;C:\Windows;C:\Windows\System32\Wbem;C:\Windows\System32\WindowsPowerShell\v1.0\;C:\Program Files\MySQL\MySQL Utilities 1.3.6\;C:\Program Files\Java\jdk1.6.0_10\bin;;C:\Program Files\Intel\OpenCL SDK\2.0\bin\x86;F:\soft\adt-bundle-windows-x86-20140321\adt-bundle-windows-x86-20140321\eclipse;
USERNAME=songg
OS=Windows_NT
PROCESSOR_IDENTIFIER=x86 Family 6 Model 42 Stepping 7, GenuineIntel



---------------  S Y S T E M  ---------------

OS: Windows NT 6.1 Build 7600 

CPU:total 4 (8 cores per cpu, 2 threads per core) family 6 model 10 stepping 7, cmov, cx8, fxsr, mmx, sse, sse2, sse3, ssse3, ht

Memory: 4k page, physical 2097151k(543820k free), swap 4194303k(1656884k free)

vm_info: Java HotSpot(TM) Client VM (11.0-b15) for windows-x86 JRE (1.6.0_10-b33), built on Sep 26 2008 01:00:43 by "java_re" with MS VC++ 7.1

time: Tue Sep 16 16:48:23 2014
elapsed time: 0 seconds

